<?xml version="1.0" encoding="UTF-8"?>
<!-- Generated by org.testng.reporters.JUnitXMLReporter -->
<testsuite hostname="vinhPCs-MacBook-Pro.local" name="admin_TestCases" tests="3" failures="1" timestamp="2 Nov 2020 09:55:42 GMT" time="8.141" errors="0">
  <testcase name="TC01_Login_Empty_UserName" time="0.678" classname="com.wordpress.adminSite.admin_login_testcases">
    <failure type="java.lang.AssertionError" message="expected [Please a username or email address.] but found [Please enter a username or email address.]">
      <![CDATA[java.lang.AssertionError: expected [Please a username or email address.] but found [Please enter a username or email address.]
	at commons.AbstractTest.verifyEqual(AbstractTest.java:89)
	at com.wordpress.adminSite.admin_login_testcases.TC01_Login_Empty_UserName(admin_login_testcases.java:37)
	at java.util.concurrent.ThreadPoolExecutor.runWorker(ThreadPoolExecutor.java:1149)
	at java.util.concurrent.ThreadPoolExecutor$Worker.run(ThreadPoolExecutor.java:624)
	at java.lang.Thread.run(Thread.java:748)
... Removed 14 stack frames]]>
    </failure>
  </testcase> <!-- TC01_Login_Empty_UserName -->
  <testcase name="TC02_Login_NotExisted_UserName" time="1.068" classname="com.wordpress.adminSite.admin_login_testcases"/>
  <testcase name="TC03_Login_Invalid_Password" time="1.478" classname="com.wordpress.adminSite.admin_login_testcases"/>
</testsuite> <!-- admin_TestCases -->
